[2020-03-22 16:44:28.733] [renderer1] [error] File not found (/.bin/serverless): Error: File not found (/.bin/serverless)
    at v.resolve (file:///usr/share/code/resources/app/out/vs/workbench/workbench.desktop.main.js:1535:605)
[2020-03-22 16:44:28.736] [renderer1] [error] File not found (/76cd99eb-397b-4017-9f7a-cf782ee67a7d): Error: File not found (/76cd99eb-397b-4017-9f7a-cf782ee67a7d)
    at v.resolve (file:///usr/share/code/resources/app/out/vs/workbench/workbench.desktop.main.js:1535:605)
[2020-03-22 16:44:28.737] [renderer1] [error] File not found (/.bin/serverless): Error: File not found (/.bin/serverless)
    at v.resolve (file:///usr/share/code/resources/app/out/vs/workbench/workbench.desktop.main.js:1535:605)
[2020-03-22 16:44:28.737] [renderer1] [error] File not found (/76cd99eb-397b-4017-9f7a-cf782ee67a7d): Error: File not found (/76cd99eb-397b-4017-9f7a-cf782ee67a7d)
    at v.resolve (file:///usr/share/code/resources/app/out/vs/workbench/workbench.desktop.main.js:1535:605)
[2020-03-22 16:44:28.969] [renderer1] [error] File not found (/.bin/serverless): Error: File not found (/.bin/serverless)
    at v.resolve (file:///usr/share/code/resources/app/out/vs/workbench/workbench.desktop.main.js:1535:605)
[2020-03-22 16:44:28.970] [renderer1] [error] File not found (/76cd99eb-397b-4017-9f7a-cf782ee67a7d): Error: File not found (/76cd99eb-397b-4017-9f7a-cf782ee67a7d)
    at v.resolve (file:///usr/share/code/resources/app/out/vs/workbench/workbench.desktop.main.js:1535:605)
[2020-03-22 16:44:28.970] [renderer1] [error] File not found (/.bin/serverless): Error: File not found (/.bin/serverless)
    at v.resolve (file:///usr/share/code/resources/app/out/vs/workbench/workbench.desktop.main.js:1535:605)
[2020-03-22 16:44:28.970] [renderer1] [error] File not found (/76cd99eb-397b-4017-9f7a-cf782ee67a7d): Error: File not found (/76cd99eb-397b-4017-9f7a-cf782ee67a7d)
    at v.resolve (file:///usr/share/code/resources/app/out/vs/workbench/workbench.desktop.main.js:1535:605)
[2020-03-22 16:44:35.189] [renderer1] [error] File not found (/.bin/serverless): Error: File not found (/.bin/serverless)
    at v.resolve (file:///usr/share/code/resources/app/out/vs/workbench/workbench.desktop.main.js:1535:605)
[2020-03-22 16:44:35.189] [renderer1] [error] File not found (/76cd99eb-397b-4017-9f7a-cf782ee67a7d): Error: File not found (/76cd99eb-397b-4017-9f7a-cf782ee67a7d)
    at v.resolve (file:///usr/share/code/resources/app/out/vs/workbench/workbench.desktop.main.js:1535:605)
[2020-03-22 16:44:35.189] [renderer1] [error] File not found (/.bin/serverless): Error: File not found (/.bin/serverless)
    at v.resolve (file:///usr/share/code/resources/app/out/vs/workbench/workbench.desktop.main.js:1535:605)
[2020-03-22 16:44:35.190] [renderer1] [error] File not found (/76cd99eb-397b-4017-9f7a-cf782ee67a7d): Error: File not found (/76cd99eb-397b-4017-9f7a-cf782ee67a7d)
    at v.resolve (file:///usr/share/code/resources/app/out/vs/workbench/workbench.desktop.main.js:1535:605)
[2020-03-22 16:44:44.614] [renderer1] [error] File not found (/.bin/serverless): Error: File not found (/.bin/serverless)
    at v.resolve (file:///usr/share/code/resources/app/out/vs/workbench/workbench.desktop.main.js:1535:605)
[2020-03-22 16:44:44.614] [renderer1] [error] File not found (/76cd99eb-397b-4017-9f7a-cf782ee67a7d): Error: File not found (/76cd99eb-397b-4017-9f7a-cf782ee67a7d)
    at v.resolve (file:///usr/share/code/resources/app/out/vs/workbench/workbench.desktop.main.js:1535:605)
[2020-03-22 16:44:44.614] [renderer1] [error] File not found (/FQd0QC5oI7MRXEyw8uL/fNSEBlKJmF3iHNlHEHrb8dwq4Cx/): Error: File not found (/FQd0QC5oI7MRXEyw8uL/fNSEBlKJmF3iHNlHEHrb8dwq4Cx/)
    at v.resolve (file:///usr/share/code/resources/app/out/vs/workbench/workbench.desktop.main.js:1535:605)
[2020-03-22 16:44:44.614] [renderer1] [error] File not found (/Ur1iwHb1TJCen816S2sSRZaRfjCGWnszn/Xk3OKKKhLVgqfXEK3jELRj9h3NfNC1I6Rm6ch1B66hVr): Error: File not found (/Ur1iwHb1TJCen816S2sSRZaRfjCGWnszn/Xk3OKKKhLVgqfXEK3jELRj9h3NfNC1I6Rm6ch1B66hVr)
    at v.resolve (file:///usr/share/code/resources/app/out/vs/workbench/workbench.desktop.main.js:1535:605)
[2020-03-22 16:44:44.614] [renderer1] [error] File not found (/dGB2K2zrvIjEwsGaJKyZi0AsY/nvk): Error: File not found (/dGB2K2zrvIjEwsGaJKyZi0AsY/nvk)
    at v.resolve (file:///usr/share/code/resources/app/out/vs/workbench/workbench.desktop.main.js:1535:605)
[2020-03-22 16:44:44.615] [renderer1] [error] File not found (/IkoNRSlGebXkDAr5ZaoBZUk67cnYHBMxR7rCaqARe1BQO43OyYGpzmGmR98cD6DzxsK0YMHMdNdznbCQHMS0Ae6znc): Error: File not found (/IkoNRSlGebXkDAr5ZaoBZUk67cnYHBMxR7rCaqARe1BQO43OyYGpzmGmR98cD6DzxsK0YMHMdNdznbCQHMS0Ae6znc)
    at v.resolve (file:///usr/share/code/resources/app/out/vs/workbench/workbench.desktop.main.js:1535:605)
[2020-03-22 16:44:44.615] [renderer1] [error] File not found (/.bin/serverless): Error: File not found (/.bin/serverless)
    at v.resolve (file:///usr/share/code/resources/app/out/vs/workbench/workbench.desktop.main.js:1535:605)
[2020-03-22 16:44:44.615] [renderer1] [error] File not found (/76cd99eb-397b-4017-9f7a-cf782ee67a7d): Error: File not found (/76cd99eb-397b-4017-9f7a-cf782ee67a7d)
    at v.resolve (file:///usr/share/code/resources/app/out/vs/workbench/workbench.desktop.main.js:1535:605)
[2020-03-22 16:44:44.615] [renderer1] [error] File not found (/FQd0QC5oI7MRXEyw8uL/fNSEBlKJmF3iHNlHEHrb8dwq4Cx/): Error: File not found (/FQd0QC5oI7MRXEyw8uL/fNSEBlKJmF3iHNlHEHrb8dwq4Cx/)
    at v.resolve (file:///usr/share/code/resources/app/out/vs/workbench/workbench.desktop.main.js:1535:605)
[2020-03-22 16:44:44.615] [renderer1] [error] File not found (/Ur1iwHb1TJCen816S2sSRZaRfjCGWnszn/Xk3OKKKhLVgqfXEK3jELRj9h3NfNC1I6Rm6ch1B66hVr): Error: File not found (/Ur1iwHb1TJCen816S2sSRZaRfjCGWnszn/Xk3OKKKhLVgqfXEK3jELRj9h3NfNC1I6Rm6ch1B66hVr)
    at v.resolve (file:///usr/share/code/resources/app/out/vs/workbench/workbench.desktop.main.js:1535:605)
[2020-03-22 16:44:44.615] [renderer1] [error] File not found (/dGB2K2zrvIjEwsGaJKyZi0AsY/nvk): Error: File not found (/dGB2K2zrvIjEwsGaJKyZi0AsY/nvk)
    at v.resolve (file:///usr/share/code/resources/app/out/vs/workbench/workbench.desktop.main.js:1535:605)
[2020-03-22 16:44:44.615] [renderer1] [error] File not found (/IkoNRSlGebXkDAr5ZaoBZUk67cnYHBMxR7rCaqARe1BQO43OyYGpzmGmR98cD6DzxsK0YMHMdNdznbCQHMS0Ae6znc): Error: File not found (/IkoNRSlGebXkDAr5ZaoBZUk67cnYHBMxR7rCaqARe1BQO43OyYGpzmGmR98cD6DzxsK0YMHMdNdznbCQHMS0Ae6znc)
    at v.resolve (file:///usr/share/code/resources/app/out/vs/workbench/workbench.desktop.main.js:1535:605)
[2020-03-22 16:45:00.000] [renderer1] [error] File not found (/76cd99eb-397b-4017-9f7a-cf782ee67a7d): Error: File not found (/76cd99eb-397b-4017-9f7a-cf782ee67a7d)
    at v.resolve (file:///usr/share/code/resources/app/out/vs/workbench/workbench.desktop.main.js:1535:605)
[2020-03-22 16:48:15.806] [renderer1] [error] File not found (/.bin/serverless): Error: File not found (/.bin/serverless)
    at v.resolve (file:///usr/share/code/resources/app/out/vs/workbench/workbench.desktop.main.js:1535:605)
[2020-03-22 16:48:15.807] [renderer1] [error] File not found (/585f0cbf-7fad-42b0-9d45-ad579828f3b8): Error: File not found (/585f0cbf-7fad-42b0-9d45-ad579828f3b8)
    at v.resolve (file:///usr/share/code/resources/app/out/vs/workbench/workbench.desktop.main.js:1535:605)
[2020-03-22 16:48:15.807] [renderer1] [error] File not found (/.bin/serverless): Error: File not found (/.bin/serverless)
    at v.resolve (file:///usr/share/code/resources/app/out/vs/workbench/workbench.desktop.main.js:1535:605)
[2020-03-22 16:48:15.807] [renderer1] [error] File not found (/585f0cbf-7fad-42b0-9d45-ad579828f3b8): Error: File not found (/585f0cbf-7fad-42b0-9d45-ad579828f3b8)
    at v.resolve (file:///usr/share/code/resources/app/out/vs/workbench/workbench.desktop.main.js:1535:605)
[2020-03-22 16:48:21.390] [renderer1] [error] File not found (/.bin/serverless): Error: File not found (/.bin/serverless)
    at v.resolve (file:///usr/share/code/resources/app/out/vs/workbench/workbench.desktop.main.js:1535:605)
[2020-03-22 16:48:21.391] [renderer1] [error] File not found (/585f0cbf-7fad-42b0-9d45-ad579828f3b8): Error: File not found (/585f0cbf-7fad-42b0-9d45-ad579828f3b8)
    at v.resolve (file:///usr/share/code/resources/app/out/vs/workbench/workbench.desktop.main.js:1535:605)
[2020-03-22 16:48:21.391] [renderer1] [error] File not found (/.bin/serverless): Error: File not found (/.bin/serverless)
    at v.resolve (file:///usr/share/code/resources/app/out/vs/workbench/workbench.desktop.main.js:1535:605)
[2020-03-22 16:48:21.392] [renderer1] [error] File not found (/585f0cbf-7fad-42b0-9d45-ad579828f3b8): Error: File not found (/585f0cbf-7fad-42b0-9d45-ad579828f3b8)
    at v.resolve (file:///usr/share/code/resources/app/out/vs/workbench/workbench.desktop.main.js:1535:605)
[2020-03-22 16:48:39.426] [renderer1] [error] File not found (/.bin/serverless): Error: File not found (/.bin/serverless)
    at v.resolve (file:///usr/share/code/resources/app/out/vs/workbench/workbench.desktop.main.js:1535:605)
[2020-03-22 16:48:39.428] [renderer1] [error] File not found (/db4ec2f0-5234-48c4-866d-7c86ddd43149): Error: File not found (/db4ec2f0-5234-48c4-866d-7c86ddd43149)
    at v.resolve (file:///usr/share/code/resources/app/out/vs/workbench/workbench.desktop.main.js:1535:605)
[2020-03-22 16:48:39.428] [renderer1] [error] File not found (/.bin/serverless): Error: File not found (/.bin/serverless)
    at v.resolve (file:///usr/share/code/resources/app/out/vs/workbench/workbench.desktop.main.js:1535:605)
[2020-03-22 16:48:39.428] [renderer1] [error] File not found (/db4ec2f0-5234-48c4-866d-7c86ddd43149): Error: File not found (/db4ec2f0-5234-48c4-866d-7c86ddd43149)
    at v.resolve (file:///usr/share/code/resources/app/out/vs/workbench/workbench.desktop.main.js:1535:605)
[2020-03-22 16:48:44.933] [renderer1] [error] File not found (/.bin/serverless): Error: File not found (/.bin/serverless)
    at v.resolve (file:///usr/share/code/resources/app/out/vs/workbench/workbench.desktop.main.js:1535:605)
[2020-03-22 16:48:44.933] [renderer1] [error] File not found (/db4ec2f0-5234-48c4-866d-7c86ddd43149): Error: File not found (/db4ec2f0-5234-48c4-866d-7c86ddd43149)
    at v.resolve (file:///usr/share/code/resources/app/out/vs/workbench/workbench.desktop.main.js:1535:605)
[2020-03-22 16:48:44.933] [renderer1] [error] File not found (/.bin/serverless): Error: File not found (/.bin/serverless)
    at v.resolve (file:///usr/share/code/resources/app/out/vs/workbench/workbench.desktop.main.js:1535:605)
[2020-03-22 16:48:44.933] [renderer1] [error] File not found (/db4ec2f0-5234-48c4-866d-7c86ddd43149): Error: File not found (/db4ec2f0-5234-48c4-866d-7c86ddd43149)
    at v.resolve (file:///usr/share/code/resources/app/out/vs/workbench/workbench.desktop.main.js:1535:605)
[2020-03-22 16:48:58.819] [renderer1] [error] File not found (/.bin/serverless): Error: File not found (/.bin/serverless)
    at v.resolve (file:///usr/share/code/resources/app/out/vs/workbench/workbench.desktop.main.js:1535:605)
[2020-03-22 16:48:58.819] [renderer1] [error] File not found (/db4ec2f0-5234-48c4-866d-7c86ddd43149): Error: File not found (/db4ec2f0-5234-48c4-866d-7c86ddd43149)
    at v.resolve (file:///usr/share/code/resources/app/out/vs/workbench/workbench.desktop.main.js:1535:605)
[2020-03-22 16:48:58.819] [renderer1] [error] File not found (/FQd0QC5oI7MRXEyw8uL/fNSEBlKJmF3iHNlHEHrb8dwq4Cx/): Error: File not found (/FQd0QC5oI7MRXEyw8uL/fNSEBlKJmF3iHNlHEHrb8dwq4Cx/)
    at v.resolve (file:///usr/share/code/resources/app/out/vs/workbench/workbench.desktop.main.js:1535:605)
[2020-03-22 16:48:58.819] [renderer1] [error] File not found (/Ur1iwHb1TJCen816S2sSRZaRfjCGWnszn/Xk3OKKKhLVgqfXEK3jELRj9h3NfNC1I6Rm6ch1B66hVr): Error: File not found (/Ur1iwHb1TJCen816S2sSRZaRfjCGWnszn/Xk3OKKKhLVgqfXEK3jELRj9h3NfNC1I6Rm6ch1B66hVr)
    at v.resolve (file:///usr/share/code/resources/app/out/vs/workbench/workbench.desktop.main.js:1535:605)
[2020-03-22 16:48:58.820] [renderer1] [error] File not found (/dGB2K2zrvIjEwsGaJKyZi0AsY/nvk): Error: File not found (/dGB2K2zrvIjEwsGaJKyZi0AsY/nvk)
    at v.resolve (file:///usr/share/code/resources/app/out/vs/workbench/workbench.desktop.main.js:1535:605)
[2020-03-22 16:48:58.820] [renderer1] [error] File not found (/IkoNRSlGebXkDAr5ZaoBZUk67cnYHBMxR7rCaqARe1BQO43OyYGpzmGmR98cD6DzxsK0YMHMdNdznbCQHMS0Ae6znc): Error: File not found (/IkoNRSlGebXkDAr5ZaoBZUk67cnYHBMxR7rCaqARe1BQO43OyYGpzmGmR98cD6DzxsK0YMHMdNdznbCQHMS0Ae6znc)
    at v.resolve (file:///usr/share/code/resources/app/out/vs/workbench/workbench.desktop.main.js:1535:605)
[2020-03-22 16:48:58.820] [renderer1] [error] File not found (/.bin/serverless): Error: File not found (/.bin/serverless)
    at v.resolve (file:///usr/share/code/resources/app/out/vs/workbench/workbench.desktop.main.js:1535:605)
[2020-03-22 16:48:58.820] [renderer1] [error] File not found (/db4ec2f0-5234-48c4-866d-7c86ddd43149): Error: File not found (/db4ec2f0-5234-48c4-866d-7c86ddd43149)
    at v.resolve (file:///usr/share/code/resources/app/out/vs/workbench/workbench.desktop.main.js:1535:605)
[2020-03-22 16:48:58.821] [renderer1] [error] File not found (/FQd0QC5oI7MRXEyw8uL/fNSEBlKJmF3iHNlHEHrb8dwq4Cx/): Error: File not found (/FQd0QC5oI7MRXEyw8uL/fNSEBlKJmF3iHNlHEHrb8dwq4Cx/)
    at v.resolve (file:///usr/share/code/resources/app/out/vs/workbench/workbench.desktop.main.js:1535:605)
[2020-03-22 16:48:58.821] [renderer1] [error] File not found (/Ur1iwHb1TJCen816S2sSRZaRfjCGWnszn/Xk3OKKKhLVgqfXEK3jELRj9h3NfNC1I6Rm6ch1B66hVr): Error: File not found (/Ur1iwHb1TJCen816S2sSRZaRfjCGWnszn/Xk3OKKKhLVgqfXEK3jELRj9h3NfNC1I6Rm6ch1B66hVr)
    at v.resolve (file:///usr/share/code/resources/app/out/vs/workbench/workbench.desktop.main.js:1535:605)
[2020-03-22 16:48:58.821] [renderer1] [error] File not found (/dGB2K2zrvIjEwsGaJKyZi0AsY/nvk): Error: File not found (/dGB2K2zrvIjEwsGaJKyZi0AsY/nvk)
    at v.resolve (file:///usr/share/code/resources/app/out/vs/workbench/workbench.desktop.main.js:1535:605)
[2020-03-22 16:48:58.821] [renderer1] [error] File not found (/IkoNRSlGebXkDAr5ZaoBZUk67cnYHBMxR7rCaqARe1BQO43OyYGpzmGmR98cD6DzxsK0YMHMdNdznbCQHMS0Ae6znc): Error: File not found (/IkoNRSlGebXkDAr5ZaoBZUk67cnYHBMxR7rCaqARe1BQO43OyYGpzmGmR98cD6DzxsK0YMHMdNdznbCQHMS0Ae6znc)
    at v.resolve (file:///usr/share/code/resources/app/out/vs/workbench/workbench.desktop.main.js:1535:605)
