[2020-03-12 21:30:38.061] [renderer1] [error] <semantic> TypeScript Server Error (3.6.3)
Debug Failure. False expression: Token end is child end
Error: Debug Failure. False expression: Token end is child end
    at processChildNode (tsserver.js:113630:34)
    at tsserver.js:113577:21
    at visitNode (tsserver.js:17019:24)
    at Object.forEachChild (tsserver.js:17365:21)
    at processNode (tsserver.js:113576:20)
    at formatSpanWorker (tsserver.js:113391:17)
    at tsserver.js:113355:140
    at Object.getFormattingScanner (tsserver.js:112148:23)
    at Object.formatNodeGivenIndentation (tsserver.js:113355:31)
    at getFormattedTextOfNode (tsserver.js:115391:45)
    at format (tsserver.js:115369:52)
    at tsserver.js:115371:78
    at Array.map (<anonymous>)
    at computeNewText (tsserver.js:115371:36)
    at tsserver.js:115342:89
    at Array.map (<anonymous>)
    at tsserver.js:115341:50
    at Array.map (<anonymous>)
    at Object.getTextChangesFromChanges (tsserver.js:115327:86)
    at ChangeTracker.getChanges (tsserver.js:115297:45)
    at Function.ChangeTracker.with (tsserver.js:114832:32)
    at Object.getCodeActions (tsserver.js:117987:64)
    at tsserver.js:115852:121
    at Object.flatMap (tsserver.js:583:25)
    at Object.getFixes (tsserver.js:115852:23)
    at tsserver.js:125866:35
    at Object.flatMap (tsserver.js:583:25)
    at Object.getCodeFixesAtPosition (tsserver.js:125864:23)
    at IOSession.Session.getCodeFixes (tsserver.js:135063:64)
    at Session.handlers.ts.createMapFromTemplate._a.(anonymous function) (tsserver.js:133850:61)
    at tsserver.js:135256:88
    at IOSession.Session.executeWithRequestId (tsserver.js:135247:28)
    at IOSession.Session.executeCommand (tsserver.js:135256:33)
    at IOSession.Session.onMessage (tsserver.js:135279:35)
    at Interface.<anonymous> (tsserver.js:136594:27)
    at Interface.emit (events.js:182:13)
    at Interface._onLine (readline.js:290:10)
    at Interface._normalWrite (readline.js:433:12)
    at Socket.ondata (readline.js:149:10)
    at Socket.emit (events.js:182:13)
    at addChunk (_stream_readable.js:283:12)
    at readableAddChunk (_stream_readable.js:264:11)
    at Socket.Readable.push (_stream_readable.js:219:10)
    at Pipe.onStreamRead [as onread] (internal/stream_base_commons.js:94:17): Error: <semantic> TypeScript Server Error (3.6.3)
Debug Failure. False expression: Token end is child end
Error: Debug Failure. False expression: Token end is child end
    at processChildNode (tsserver.js:113630:34)
    at tsserver.js:113577:21
    at visitNode (tsserver.js:17019:24)
    at Object.forEachChild (tsserver.js:17365:21)
    at processNode (tsserver.js:113576:20)
    at formatSpanWorker (tsserver.js:113391:17)
    at tsserver.js:113355:140
    at Object.getFormattingScanner (tsserver.js:112148:23)
    at Object.formatNodeGivenIndentation (tsserver.js:113355:31)
    at getFormattedTextOfNode (tsserver.js:115391:45)
    at format (tsserver.js:115369:52)
    at tsserver.js:115371:78
    at Array.map (<anonymous>)
    at computeNewText (tsserver.js:115371:36)
    at tsserver.js:115342:89
    at Array.map (<anonymous>)
    at tsserver.js:115341:50
    at Array.map (<anonymous>)
    at Object.getTextChangesFromChanges (tsserver.js:115327:86)
    at ChangeTracker.getChanges (tsserver.js:115297:45)
    at Function.ChangeTracker.with (tsserver.js:114832:32)
    at Object.getCodeActions (tsserver.js:117987:64)
    at tsserver.js:115852:121
    at Object.flatMap (tsserver.js:583:25)
    at Object.getFixes (tsserver.js:115852:23)
    at tsserver.js:125866:35
    at Object.flatMap (tsserver.js:583:25)
    at Object.getCodeFixesAtPosition (tsserver.js:125864:23)
    at IOSession.Session.getCodeFixes (tsserver.js:135063:64)
    at Session.handlers.ts.createMapFromTemplate._a.(anonymous function) (tsserver.js:133850:61)
    at tsserver.js:135256:88
    at IOSession.Session.executeWithRequestId (tsserver.js:135247:28)
    at IOSession.Session.executeCommand (tsserver.js:135256:33)
    at IOSession.Session.onMessage (tsserver.js:135279:35)
    at Interface.<anonymous> (tsserver.js:136594:27)
    at Interface.emit (events.js:182:13)
    at Interface._onLine (readline.js:290:10)
    at Interface._normalWrite (readline.js:433:12)
    at Socket.ondata (readline.js:149:10)
    at Socket.emit (events.js:182:13)
    at addChunk (_stream_readable.js:283:12)
    at readableAddChunk (_stream_readable.js:264:11)
    at Socket.Readable.push (_stream_readable.js:219:10)
    at Pipe.onStreamRead [as onread] (internal/stream_base_commons.js:94:17)
	at Function.create (/usr/share/code/resources/app/extensions/typescript-language-features/dist/extension.js:53:63415)
	at h.dispatchResponse (/usr/share/code/resources/app/extensions/typescript-language-features/dist/extension.js:53:56570)
	at h.dispatchMessage (/usr/share/code/resources/app/extensions/typescript-language-features/dist/extension.js:53:55468)
	at _reader.onData.e (/usr/share/code/resources/app/extensions/typescript-language-features/dist/extension.js:53:54944)
	at l.fire (/usr/share/code/resources/app/out/vs/workbench/services/extensions/node/extensionHostProcess.js:50:519)
	at t.Reader.onLengthData (/usr/share/code/resources/app/extensions/typescript-language-features/dist/extension.js:53:61635)
	at Socket.e.on.e (/usr/share/code/resources/app/extensions/typescript-language-features/dist/extension.js:53:61283)
	at Socket.emit (events.js:182:13)
	at addChunk (_stream_readable.js:283:12)
	at readableAddChunk (_stream_readable.js:264:11)
	at Socket.Readable.push (_stream_readable.js:219:10)
	at Pipe.onStreamRead [as onread] (internal/stream_base_commons.js:94:17)
