[2020-03-17 22:23:30.654] [renderer1] [error] File not found (/.bin/sls): Error: File not found (/.bin/sls)
    at v.resolve (file:///usr/share/code/resources/app/out/vs/workbench/workbench.desktop.main.js:1535:605)
[2020-03-17 22:23:30.659] [renderer1] [error] File not found (/c8162801-ffc3-46d1-b919-711ba635ba71): Error: File not found (/c8162801-ffc3-46d1-b919-711ba635ba71)
    at v.resolve (file:///usr/share/code/resources/app/out/vs/workbench/workbench.desktop.main.js:1535:605)
[2020-03-17 22:23:30.662] [renderer1] [error] File not found (/.bin/sls): Error: File not found (/.bin/sls)
    at v.resolve (file:///usr/share/code/resources/app/out/vs/workbench/workbench.desktop.main.js:1535:605)
[2020-03-17 22:23:30.666] [renderer1] [error] File not found (/c8162801-ffc3-46d1-b919-711ba635ba71): Error: File not found (/c8162801-ffc3-46d1-b919-711ba635ba71)
    at v.resolve (file:///usr/share/code/resources/app/out/vs/workbench/workbench.desktop.main.js:1535:605)
[2020-03-17 22:23:30.682] [renderer1] [error] File not found (/.bin/sls): Error: File not found (/.bin/sls)
    at v.resolve (file:///usr/share/code/resources/app/out/vs/workbench/workbench.desktop.main.js:1535:605)
[2020-03-17 22:23:30.684] [renderer1] [error] File not found (/c8162801-ffc3-46d1-b919-711ba635ba71): Error: File not found (/c8162801-ffc3-46d1-b919-711ba635ba71)
    at v.resolve (file:///usr/share/code/resources/app/out/vs/workbench/workbench.desktop.main.js:1535:605)
[2020-03-17 22:23:30.686] [renderer1] [error] File not found (/.bin/sls): Error: File not found (/.bin/sls)
    at v.resolve (file:///usr/share/code/resources/app/out/vs/workbench/workbench.desktop.main.js:1535:605)
[2020-03-17 22:23:30.687] [renderer1] [error] File not found (/c8162801-ffc3-46d1-b919-711ba635ba71): Error: File not found (/c8162801-ffc3-46d1-b919-711ba635ba71)
    at v.resolve (file:///usr/share/code/resources/app/out/vs/workbench/workbench.desktop.main.js:1535:605)
[2020-03-17 22:23:45.141] [renderer1] [error] File not found (/.bin/sls): Error: File not found (/.bin/sls)
    at v.resolve (file:///usr/share/code/resources/app/out/vs/workbench/workbench.desktop.main.js:1535:605)
[2020-03-17 22:23:45.141] [renderer1] [error] File not found (/c8162801-ffc3-46d1-b919-711ba635ba71): Error: File not found (/c8162801-ffc3-46d1-b919-711ba635ba71)
    at v.resolve (file:///usr/share/code/resources/app/out/vs/workbench/workbench.desktop.main.js:1535:605)
[2020-03-17 22:23:45.142] [renderer1] [error] File not found (/.bin/sls): Error: File not found (/.bin/sls)
    at v.resolve (file:///usr/share/code/resources/app/out/vs/workbench/workbench.desktop.main.js:1535:605)
[2020-03-17 22:23:45.142] [renderer1] [error] File not found (/c8162801-ffc3-46d1-b919-711ba635ba71): Error: File not found (/c8162801-ffc3-46d1-b919-711ba635ba71)
    at v.resolve (file:///usr/share/code/resources/app/out/vs/workbench/workbench.desktop.main.js:1535:605)
[2020-03-17 22:23:45.142] [renderer1] [error] File not found (/serverless/serverless/issues): Error: File not found (/serverless/serverless/issues)
    at v.resolve (file:///usr/share/code/resources/app/out/vs/workbench/workbench.desktop.main.js:1535:605)
[2020-03-17 22:23:46.776] [renderer1] [error] File not found (/.bin/sls): Error: File not found (/.bin/sls)
    at v.resolve (file:///usr/share/code/resources/app/out/vs/workbench/workbench.desktop.main.js:1535:605)
[2020-03-17 22:23:46.776] [renderer1] [error] File not found (/c8162801-ffc3-46d1-b919-711ba635ba71): Error: File not found (/c8162801-ffc3-46d1-b919-711ba635ba71)
    at v.resolve (file:///usr/share/code/resources/app/out/vs/workbench/workbench.desktop.main.js:1535:605)
[2020-03-17 22:23:47.985] [renderer1] [error] File not found (/serverless/serverless/issues): Error: File not found (/serverless/serverless/issues)
    at v.resolve (file:///usr/share/code/resources/app/out/vs/workbench/workbench.desktop.main.js:1535:605)
[2020-03-17 22:24:38.083] [renderer1] [error] File not found (/.bin/sls): Error: File not found (/.bin/sls)
    at v.resolve (file:///usr/share/code/resources/app/out/vs/workbench/workbench.desktop.main.js:1535:605)
[2020-03-17 22:24:38.084] [renderer1] [error] File not found (/fafacbe2-e351-4f6d-a557-5fb578c3b160): Error: File not found (/fafacbe2-e351-4f6d-a557-5fb578c3b160)
    at v.resolve (file:///usr/share/code/resources/app/out/vs/workbench/workbench.desktop.main.js:1535:605)
[2020-03-17 22:24:38.084] [renderer1] [error] File not found (/.bin/sls): Error: File not found (/.bin/sls)
    at v.resolve (file:///usr/share/code/resources/app/out/vs/workbench/workbench.desktop.main.js:1535:605)
[2020-03-17 22:24:38.084] [renderer1] [error] File not found (/fafacbe2-e351-4f6d-a557-5fb578c3b160): Error: File not found (/fafacbe2-e351-4f6d-a557-5fb578c3b160)
    at v.resolve (file:///usr/share/code/resources/app/out/vs/workbench/workbench.desktop.main.js:1535:605)
[2020-03-17 22:24:38.396] [renderer1] [error] File not found (/.bin/sls): Error: File not found (/.bin/sls)
    at v.resolve (file:///usr/share/code/resources/app/out/vs/workbench/workbench.desktop.main.js:1535:605)
[2020-03-17 22:24:38.397] [renderer1] [error] File not found (/fafacbe2-e351-4f6d-a557-5fb578c3b160): Error: File not found (/fafacbe2-e351-4f6d-a557-5fb578c3b160)
    at v.resolve (file:///usr/share/code/resources/app/out/vs/workbench/workbench.desktop.main.js:1535:605)
[2020-03-17 22:24:38.397] [renderer1] [error] File not found (/.bin/sls): Error: File not found (/.bin/sls)
    at v.resolve (file:///usr/share/code/resources/app/out/vs/workbench/workbench.desktop.main.js:1535:605)
[2020-03-17 22:24:38.397] [renderer1] [error] File not found (/fafacbe2-e351-4f6d-a557-5fb578c3b160): Error: File not found (/fafacbe2-e351-4f6d-a557-5fb578c3b160)
    at v.resolve (file:///usr/share/code/resources/app/out/vs/workbench/workbench.desktop.main.js:1535:605)
[2020-03-17 22:24:44.401] [renderer1] [error] File not found (/.bin/sls): Error: File not found (/.bin/sls)
    at v.resolve (file:///usr/share/code/resources/app/out/vs/workbench/workbench.desktop.main.js:1535:605)
[2020-03-17 22:24:44.402] [renderer1] [error] File not found (/fafacbe2-e351-4f6d-a557-5fb578c3b160): Error: File not found (/fafacbe2-e351-4f6d-a557-5fb578c3b160)
    at v.resolve (file:///usr/share/code/resources/app/out/vs/workbench/workbench.desktop.main.js:1535:605)
[2020-03-17 22:24:44.406] [renderer1] [error] File not found (/us-east-1.): Error: File not found (/us-east-1.)
    at v.resolve (file:///usr/share/code/resources/app/out/vs/workbench/workbench.desktop.main.js:1535:605)
[2020-03-17 22:24:44.408] [renderer1] [error] File not found (/.bin/sls): Error: File not found (/.bin/sls)
    at v.resolve (file:///usr/share/code/resources/app/out/vs/workbench/workbench.desktop.main.js:1535:605)
[2020-03-17 22:24:44.410] [renderer1] [error] File not found (/fafacbe2-e351-4f6d-a557-5fb578c3b160): Error: File not found (/fafacbe2-e351-4f6d-a557-5fb578c3b160)
    at v.resolve (file:///usr/share/code/resources/app/out/vs/workbench/workbench.desktop.main.js:1535:605)
[2020-03-17 22:24:44.411] [renderer1] [error] File not found (/us-east-1.): Error: File not found (/us-east-1.)
    at v.resolve (file:///usr/share/code/resources/app/out/vs/workbench/workbench.desktop.main.js:1535:605)
[2020-03-17 22:24:44.951] [renderer1] [error] File not found (/.bin/sls): Error: File not found (/.bin/sls)
    at v.resolve (file:///usr/share/code/resources/app/out/vs/workbench/workbench.desktop.main.js:1535:605)
[2020-03-17 22:24:44.952] [renderer1] [error] File not found (/fafacbe2-e351-4f6d-a557-5fb578c3b160): Error: File not found (/fafacbe2-e351-4f6d-a557-5fb578c3b160)
    at v.resolve (file:///usr/share/code/resources/app/out/vs/workbench/workbench.desktop.main.js:1535:605)
[2020-03-17 22:24:44.952] [renderer1] [error] File not found (/us-east-1.): Error: File not found (/us-east-1.)
    at v.resolve (file:///usr/share/code/resources/app/out/vs/workbench/workbench.desktop.main.js:1535:605)
[2020-03-17 22:24:44.952] [renderer1] [error] File not found (/.bin/sls): Error: File not found (/.bin/sls)
    at v.resolve (file:///usr/share/code/resources/app/out/vs/workbench/workbench.desktop.main.js:1535:605)
[2020-03-17 22:24:44.952] [renderer1] [error] File not found (/fafacbe2-e351-4f6d-a557-5fb578c3b160): Error: File not found (/fafacbe2-e351-4f6d-a557-5fb578c3b160)
    at v.resolve (file:///usr/share/code/resources/app/out/vs/workbench/workbench.desktop.main.js:1535:605)
[2020-03-17 22:24:44.952] [renderer1] [error] File not found (/us-east-1.): Error: File not found (/us-east-1.)
    at v.resolve (file:///usr/share/code/resources/app/out/vs/workbench/workbench.desktop.main.js:1535:605)
[2020-03-17 22:26:23.734] [renderer1] [error] File not found (/.bin/sls): Error: File not found (/.bin/sls)
    at v.resolve (file:///usr/share/code/resources/app/out/vs/workbench/workbench.desktop.main.js:1535:605)
[2020-03-17 22:26:24.580] [renderer1] [error] File not found (/cdd39935-4fd1-4170-b85c-94383caea84d): Error: File not found (/cdd39935-4fd1-4170-b85c-94383caea84d)
    at v.resolve (file:///usr/share/code/resources/app/out/vs/workbench/workbench.desktop.main.js:1535:605)
[2020-03-17 22:26:24.581] [renderer1] [error] File not found (/.bin/sls): Error: File not found (/.bin/sls)
    at v.resolve (file:///usr/share/code/resources/app/out/vs/workbench/workbench.desktop.main.js:1535:605)
[2020-03-17 22:26:24.586] [renderer1] [error] File not found (/cdd39935-4fd1-4170-b85c-94383caea84d): Error: File not found (/cdd39935-4fd1-4170-b85c-94383caea84d)
    at v.resolve (file:///usr/share/code/resources/app/out/vs/workbench/workbench.desktop.main.js:1535:605)
[2020-03-17 22:26:24.974] [renderer1] [error] File not found (/.bin/sls): Error: File not found (/.bin/sls)
    at v.resolve (file:///usr/share/code/resources/app/out/vs/workbench/workbench.desktop.main.js:1535:605)
[2020-03-17 22:26:24.978] [renderer1] [error] File not found (/cdd39935-4fd1-4170-b85c-94383caea84d): Error: File not found (/cdd39935-4fd1-4170-b85c-94383caea84d)
    at v.resolve (file:///usr/share/code/resources/app/out/vs/workbench/workbench.desktop.main.js:1535:605)
[2020-03-17 22:26:24.984] [renderer1] [error] File not found (/.bin/sls): Error: File not found (/.bin/sls)
    at v.resolve (file:///usr/share/code/resources/app/out/vs/workbench/workbench.desktop.main.js:1535:605)
[2020-03-17 22:26:24.989] [renderer1] [error] File not found (/cdd39935-4fd1-4170-b85c-94383caea84d): Error: File not found (/cdd39935-4fd1-4170-b85c-94383caea84d)
    at v.resolve (file:///usr/share/code/resources/app/out/vs/workbench/workbench.desktop.main.js:1535:605)
[2020-03-17 22:26:34.756] [renderer1] [error] File not found (/.bin/sls): Error: File not found (/.bin/sls)
    at v.resolve (file:///usr/share/code/resources/app/out/vs/workbench/workbench.desktop.main.js:1535:605)
[2020-03-17 22:26:34.758] [renderer1] [error] File not found (/cdd39935-4fd1-4170-b85c-94383caea84d): Error: File not found (/cdd39935-4fd1-4170-b85c-94383caea84d)
    at v.resolve (file:///usr/share/code/resources/app/out/vs/workbench/workbench.desktop.main.js:1535:605)
[2020-03-17 22:26:34.759] [renderer1] [error] File not found (/us-east-1.): Error: File not found (/us-east-1.)
    at v.resolve (file:///usr/share/code/resources/app/out/vs/workbench/workbench.desktop.main.js:1535:605)
[2020-03-17 22:26:34.760] [renderer1] [error] File not found (/.bin/sls): Error: File not found (/.bin/sls)
    at v.resolve (file:///usr/share/code/resources/app/out/vs/workbench/workbench.desktop.main.js:1535:605)
[2020-03-17 22:26:34.761] [renderer1] [error] File not found (/cdd39935-4fd1-4170-b85c-94383caea84d): Error: File not found (/cdd39935-4fd1-4170-b85c-94383caea84d)
    at v.resolve (file:///usr/share/code/resources/app/out/vs/workbench/workbench.desktop.main.js:1535:605)
[2020-03-17 22:26:34.762] [renderer1] [error] File not found (/us-east-1.): Error: File not found (/us-east-1.)
    at v.resolve (file:///usr/share/code/resources/app/out/vs/workbench/workbench.desktop.main.js:1535:605)
[2020-03-17 22:26:35.242] [renderer1] [error] File not found (/.bin/sls): Error: File not found (/.bin/sls)
    at v.resolve (file:///usr/share/code/resources/app/out/vs/workbench/workbench.desktop.main.js:1535:605)
[2020-03-17 22:26:35.244] [renderer1] [error] File not found (/cdd39935-4fd1-4170-b85c-94383caea84d): Error: File not found (/cdd39935-4fd1-4170-b85c-94383caea84d)
    at v.resolve (file:///usr/share/code/resources/app/out/vs/workbench/workbench.desktop.main.js:1535:605)
[2020-03-17 22:26:35.244] [renderer1] [error] File not found (/us-east-1.): Error: File not found (/us-east-1.)
    at v.resolve (file:///usr/share/code/resources/app/out/vs/workbench/workbench.desktop.main.js:1535:605)
[2020-03-17 22:26:35.245] [renderer1] [error] File not found (/.bin/sls): Error: File not found (/.bin/sls)
    at v.resolve (file:///usr/share/code/resources/app/out/vs/workbench/workbench.desktop.main.js:1535:605)
[2020-03-17 22:26:35.245] [renderer1] [error] File not found (/cdd39935-4fd1-4170-b85c-94383caea84d): Error: File not found (/cdd39935-4fd1-4170-b85c-94383caea84d)
    at v.resolve (file:///usr/share/code/resources/app/out/vs/workbench/workbench.desktop.main.js:1535:605)
[2020-03-17 22:26:35.246] [renderer1] [error] File not found (/us-east-1.): Error: File not found (/us-east-1.)
    at v.resolve (file:///usr/share/code/resources/app/out/vs/workbench/workbench.desktop.main.js:1535:605)
[2020-03-17 22:26:35.408] [renderer1] [error] File not found (/.bin/sls): Error: File not found (/.bin/sls)
    at v.resolve (file:///usr/share/code/resources/app/out/vs/workbench/workbench.desktop.main.js:1535:605)
[2020-03-17 22:26:35.409] [renderer1] [error] File not found (/cdd39935-4fd1-4170-b85c-94383caea84d): Error: File not found (/cdd39935-4fd1-4170-b85c-94383caea84d)
    at v.resolve (file:///usr/share/code/resources/app/out/vs/workbench/workbench.desktop.main.js:1535:605)
[2020-03-17 22:26:35.409] [renderer1] [error] File not found (/us-east-1.): Error: File not found (/us-east-1.)
    at v.resolve (file:///usr/share/code/resources/app/out/vs/workbench/workbench.desktop.main.js:1535:605)
[2020-03-17 22:26:35.409] [renderer1] [error] File not found (/.bin/sls): Error: File not found (/.bin/sls)
    at v.resolve (file:///usr/share/code/resources/app/out/vs/workbench/workbench.desktop.main.js:1535:605)
[2020-03-17 22:26:35.409] [renderer1] [error] File not found (/cdd39935-4fd1-4170-b85c-94383caea84d): Error: File not found (/cdd39935-4fd1-4170-b85c-94383caea84d)
    at v.resolve (file:///usr/share/code/resources/app/out/vs/workbench/workbench.desktop.main.js:1535:605)
[2020-03-17 22:26:35.409] [renderer1] [error] File not found (/us-east-1.): Error: File not found (/us-east-1.)
    at v.resolve (file:///usr/share/code/resources/app/out/vs/workbench/workbench.desktop.main.js:1535:605)
[2020-03-17 22:26:48.185] [renderer1] [error] File not found (/us-east-1.): Error: File not found (/us-east-1.)
    at v.resolve (file:///usr/share/code/resources/app/out/vs/workbench/workbench.desktop.main.js:1535:605)
[2020-03-17 22:26:48.212] [renderer1] [error] File not found (/cdd39935-4fd1-4170-b85c-94383caea84d): Error: File not found (/cdd39935-4fd1-4170-b85c-94383caea84d)
    at v.resolve (file:///usr/share/code/resources/app/out/vs/workbench/workbench.desktop.main.js:1535:605)
[2020-03-17 22:26:48.248] [renderer1] [error] File not found (/.bin/sls): Error: File not found (/.bin/sls)
    at v.resolve (file:///usr/share/code/resources/app/out/vs/workbench/workbench.desktop.main.js:1535:605)
[2020-03-17 22:27:10.880] [renderer1] [error] File not found (/dev/images): Error: File not found (/dev/images)
    at v.resolve (file:///usr/share/code/resources/app/out/vs/workbench/workbench.desktop.main.js:1535:605)
[2020-03-17 22:28:37.603] [renderer1] [error] File not found (/dev/images): Error: File not found (/dev/images)
    at v.resolve (file:///usr/share/code/resources/app/out/vs/workbench/workbench.desktop.main.js:1535:605)
