[2020-03-21 12:24:45.405] [renderer3] [error] File not found (/.bin/serverless): Error: File not found (/.bin/serverless)
    at v.resolve (file:///usr/share/code/resources/app/out/vs/workbench/workbench.desktop.main.js:1535:605)
[2020-03-21 12:24:45.406] [renderer3] [error] File not found (/32f1b5db-cf9a-4ebc-837b-3a34865b789b): Error: File not found (/32f1b5db-cf9a-4ebc-837b-3a34865b789b)
    at v.resolve (file:///usr/share/code/resources/app/out/vs/workbench/workbench.desktop.main.js:1535:605)
[2020-03-21 12:24:45.408] [renderer3] [error] File not found (/.bin/serverless): Error: File not found (/.bin/serverless)
    at v.resolve (file:///usr/share/code/resources/app/out/vs/workbench/workbench.desktop.main.js:1535:605)
[2020-03-21 12:24:45.415] [renderer3] [error] File not found (/32f1b5db-cf9a-4ebc-837b-3a34865b789b): Error: File not found (/32f1b5db-cf9a-4ebc-837b-3a34865b789b)
    at v.resolve (file:///usr/share/code/resources/app/out/vs/workbench/workbench.desktop.main.js:1535:605)
[2020-03-21 12:24:45.521] [renderer3] [error] File not found (/.bin/serverless): Error: File not found (/.bin/serverless)
    at v.resolve (file:///usr/share/code/resources/app/out/vs/workbench/workbench.desktop.main.js:1535:605)
[2020-03-21 12:24:45.522] [renderer3] [error] File not found (/32f1b5db-cf9a-4ebc-837b-3a34865b789b): Error: File not found (/32f1b5db-cf9a-4ebc-837b-3a34865b789b)
    at v.resolve (file:///usr/share/code/resources/app/out/vs/workbench/workbench.desktop.main.js:1535:605)
[2020-03-21 12:24:45.522] [renderer3] [error] File not found (/.bin/serverless): Error: File not found (/.bin/serverless)
    at v.resolve (file:///usr/share/code/resources/app/out/vs/workbench/workbench.desktop.main.js:1535:605)
[2020-03-21 12:24:45.523] [renderer3] [error] File not found (/32f1b5db-cf9a-4ebc-837b-3a34865b789b): Error: File not found (/32f1b5db-cf9a-4ebc-837b-3a34865b789b)
    at v.resolve (file:///usr/share/code/resources/app/out/vs/workbench/workbench.desktop.main.js:1535:605)
[2020-03-21 12:25:36.029] [renderer3] [error] File not found (/.bin/serverless): Error: File not found (/.bin/serverless)
    at v.resolve (file:///usr/share/code/resources/app/out/vs/workbench/workbench.desktop.main.js:1535:605)
[2020-03-21 12:25:36.029] [renderer3] [error] File not found (/32f1b5db-cf9a-4ebc-837b-3a34865b789b): Error: File not found (/32f1b5db-cf9a-4ebc-837b-3a34865b789b)
    at v.resolve (file:///usr/share/code/resources/app/out/vs/workbench/workbench.desktop.main.js:1535:605)
[2020-03-21 12:25:36.030] [renderer3] [error] File not found (/.bin/serverless): Error: File not found (/.bin/serverless)
    at v.resolve (file:///usr/share/code/resources/app/out/vs/workbench/workbench.desktop.main.js:1535:605)
[2020-03-21 12:25:36.030] [renderer3] [error] File not found (/32f1b5db-cf9a-4ebc-837b-3a34865b789b): Error: File not found (/32f1b5db-cf9a-4ebc-837b-3a34865b789b)
    at v.resolve (file:///usr/share/code/resources/app/out/vs/workbench/workbench.desktop.main.js:1535:605)
[2020-03-21 12:25:49.862] [renderer3] [error] File not found (/32f1b5db-cf9a-4ebc-837b-3a34865b789b): Error: File not found (/32f1b5db-cf9a-4ebc-837b-3a34865b789b)
    at v.resolve (file:///usr/share/code/resources/app/out/vs/workbench/workbench.desktop.main.js:1535:605)
[2020-03-21 12:25:49.921] [renderer3] [error] File not found (/.bin/serverless): Error: File not found (/.bin/serverless)
    at v.resolve (file:///usr/share/code/resources/app/out/vs/workbench/workbench.desktop.main.js:1535:605)
[2020-03-21 12:30:42.170] [renderer3] [error] File not found (/.bin/serverless): Error: File not found (/.bin/serverless)
    at v.resolve (file:///usr/share/code/resources/app/out/vs/workbench/workbench.desktop.main.js:1535:605)
[2020-03-21 12:30:42.171] [renderer3] [error] File not found (/83306bbe-77f1-48c9-ac4c-afd00b578ae6): Error: File not found (/83306bbe-77f1-48c9-ac4c-afd00b578ae6)
    at v.resolve (file:///usr/share/code/resources/app/out/vs/workbench/workbench.desktop.main.js:1535:605)
[2020-03-21 12:30:42.171] [renderer3] [error] File not found (/.bin/serverless): Error: File not found (/.bin/serverless)
    at v.resolve (file:///usr/share/code/resources/app/out/vs/workbench/workbench.desktop.main.js:1535:605)
[2020-03-21 12:30:42.171] [renderer3] [error] File not found (/83306bbe-77f1-48c9-ac4c-afd00b578ae6): Error: File not found (/83306bbe-77f1-48c9-ac4c-afd00b578ae6)
    at v.resolve (file:///usr/share/code/resources/app/out/vs/workbench/workbench.desktop.main.js:1535:605)
[2020-03-21 12:30:51.603] [renderer3] [error] File not found (/.bin/serverless): Error: File not found (/.bin/serverless)
    at v.resolve (file:///usr/share/code/resources/app/out/vs/workbench/workbench.desktop.main.js:1535:605)
[2020-03-21 12:30:51.604] [renderer3] [error] File not found (/83306bbe-77f1-48c9-ac4c-afd00b578ae6): Error: File not found (/83306bbe-77f1-48c9-ac4c-afd00b578ae6)
    at v.resolve (file:///usr/share/code/resources/app/out/vs/workbench/workbench.desktop.main.js:1535:605)
[2020-03-21 12:30:51.605] [renderer3] [error] File not found (/.bin/serverless): Error: File not found (/.bin/serverless)
    at v.resolve (file:///usr/share/code/resources/app/out/vs/workbench/workbench.desktop.main.js:1535:605)
[2020-03-21 12:30:51.606] [renderer3] [error] File not found (/83306bbe-77f1-48c9-ac4c-afd00b578ae6): Error: File not found (/83306bbe-77f1-48c9-ac4c-afd00b578ae6)
    at v.resolve (file:///usr/share/code/resources/app/out/vs/workbench/workbench.desktop.main.js:1535:605)
[2020-03-21 12:31:00.359] [renderer3] [error] File not found (/.bin/serverless): Error: File not found (/.bin/serverless)
    at v.resolve (file:///usr/share/code/resources/app/out/vs/workbench/workbench.desktop.main.js:1535:605)
[2020-03-21 12:31:00.359] [renderer3] [error] File not found (/83306bbe-77f1-48c9-ac4c-afd00b578ae6): Error: File not found (/83306bbe-77f1-48c9-ac4c-afd00b578ae6)
    at v.resolve (file:///usr/share/code/resources/app/out/vs/workbench/workbench.desktop.main.js:1535:605)
[2020-03-21 12:31:00.359] [renderer3] [error] File not found (/.bin/serverless): Error: File not found (/.bin/serverless)
    at v.resolve (file:///usr/share/code/resources/app/out/vs/workbench/workbench.desktop.main.js:1535:605)
[2020-03-21 12:31:00.359] [renderer3] [error] File not found (/83306bbe-77f1-48c9-ac4c-afd00b578ae6): Error: File not found (/83306bbe-77f1-48c9-ac4c-afd00b578ae6)
    at v.resolve (file:///usr/share/code/resources/app/out/vs/workbench/workbench.desktop.main.js:1535:605)
[2020-03-21 12:31:15.858] [renderer3] [error] File not found (/FQd0QC5oI7MRXEyw8uL/fNSEBlKJmF3iHNlHEHrb8dwq4Cx/): Error: File not found (/FQd0QC5oI7MRXEyw8uL/fNSEBlKJmF3iHNlHEHrb8dwq4Cx/)
    at v.resolve (file:///usr/share/code/resources/app/out/vs/workbench/workbench.desktop.main.js:1535:605)
[2020-03-21 12:31:15.859] [renderer3] [error] File not found (/Ur1iwHb1TJCen816S2sSRZaRfjCGWnszn/Xk3OKKKhLVgqfXEK3jELRj9h3NfNC1I6Rm6ch1B66hVr): Error: File not found (/Ur1iwHb1TJCen816S2sSRZaRfjCGWnszn/Xk3OKKKhLVgqfXEK3jELRj9h3NfNC1I6Rm6ch1B66hVr)
    at v.resolve (file:///usr/share/code/resources/app/out/vs/workbench/workbench.desktop.main.js:1535:605)
[2020-03-21 12:31:15.859] [renderer3] [error] File not found (/dGB2K2zrvIjEwsGaJKyZi0AsY/nvk): Error: File not found (/dGB2K2zrvIjEwsGaJKyZi0AsY/nvk)
    at v.resolve (file:///usr/share/code/resources/app/out/vs/workbench/workbench.desktop.main.js:1535:605)
[2020-03-21 12:31:15.859] [renderer3] [error] File not found (/IkoNRSlGebXkDAr5ZaoBZUk67cnYHBMxR7rCaqARe1BQO43OyYGpzmGmR98cD6DzxsK0YMHMdNdznbCQHMS0Ae6znc): Error: File not found (/IkoNRSlGebXkDAr5ZaoBZUk67cnYHBMxR7rCaqARe1BQO43OyYGpzmGmR98cD6DzxsK0YMHMdNdznbCQHMS0Ae6znc)
    at v.resolve (file:///usr/share/code/resources/app/out/vs/workbench/workbench.desktop.main.js:1535:605)
[2020-03-21 12:31:15.859] [renderer3] [error] File not found (/FQd0QC5oI7MRXEyw8uL/fNSEBlKJmF3iHNlHEHrb8dwq4Cx/): Error: File not found (/FQd0QC5oI7MRXEyw8uL/fNSEBlKJmF3iHNlHEHrb8dwq4Cx/)
    at v.resolve (file:///usr/share/code/resources/app/out/vs/workbench/workbench.desktop.main.js:1535:605)
[2020-03-21 12:31:15.859] [renderer3] [error] File not found (/Ur1iwHb1TJCen816S2sSRZaRfjCGWnszn/Xk3OKKKhLVgqfXEK3jELRj9h3NfNC1I6Rm6ch1B66hVr): Error: File not found (/Ur1iwHb1TJCen816S2sSRZaRfjCGWnszn/Xk3OKKKhLVgqfXEK3jELRj9h3NfNC1I6Rm6ch1B66hVr)
    at v.resolve (file:///usr/share/code/resources/app/out/vs/workbench/workbench.desktop.main.js:1535:605)
[2020-03-21 12:31:15.860] [renderer3] [error] File not found (/dGB2K2zrvIjEwsGaJKyZi0AsY/nvk): Error: File not found (/dGB2K2zrvIjEwsGaJKyZi0AsY/nvk)
    at v.resolve (file:///usr/share/code/resources/app/out/vs/workbench/workbench.desktop.main.js:1535:605)
[2020-03-21 12:31:15.860] [renderer3] [error] File not found (/IkoNRSlGebXkDAr5ZaoBZUk67cnYHBMxR7rCaqARe1BQO43OyYGpzmGmR98cD6DzxsK0YMHMdNdznbCQHMS0Ae6znc): Error: File not found (/IkoNRSlGebXkDAr5ZaoBZUk67cnYHBMxR7rCaqARe1BQO43OyYGpzmGmR98cD6DzxsK0YMHMdNdznbCQHMS0Ae6znc)
    at v.resolve (file:///usr/share/code/resources/app/out/vs/workbench/workbench.desktop.main.js:1535:605)
[2020-03-21 12:31:20.159] [renderer3] [error] File not found (/83306bbe-77f1-48c9-ac4c-afd00b578ae6): Error: File not found (/83306bbe-77f1-48c9-ac4c-afd00b578ae6)
    at v.resolve (file:///usr/share/code/resources/app/out/vs/workbench/workbench.desktop.main.js:1535:605)
[2020-03-21 12:31:20.160] [renderer3] [error] File not found (/.bin/serverless): Error: File not found (/.bin/serverless)
    at v.resolve (file:///usr/share/code/resources/app/out/vs/workbench/workbench.desktop.main.js:1535:605)
[2020-03-21 12:37:51.024] [renderer3] [error] File not found (/.bin/serverless): Error: File not found (/.bin/serverless)
    at v.resolve (file:///usr/share/code/resources/app/out/vs/workbench/workbench.desktop.main.js:1535:605)
[2020-03-21 12:37:51.024] [renderer3] [error] File not found (/7b5d3b29-9672-496f-9548-7f9799c49a9b): Error: File not found (/7b5d3b29-9672-496f-9548-7f9799c49a9b)
    at v.resolve (file:///usr/share/code/resources/app/out/vs/workbench/workbench.desktop.main.js:1535:605)
[2020-03-21 12:37:51.025] [renderer3] [error] File not found (/.bin/serverless): Error: File not found (/.bin/serverless)
    at v.resolve (file:///usr/share/code/resources/app/out/vs/workbench/workbench.desktop.main.js:1535:605)
[2020-03-21 12:37:51.025] [renderer3] [error] File not found (/7b5d3b29-9672-496f-9548-7f9799c49a9b): Error: File not found (/7b5d3b29-9672-496f-9548-7f9799c49a9b)
    at v.resolve (file:///usr/share/code/resources/app/out/vs/workbench/workbench.desktop.main.js:1535:605)
[2020-03-21 12:37:51.207] [renderer3] [error] File not found (/.bin/serverless): Error: File not found (/.bin/serverless)
    at v.resolve (file:///usr/share/code/resources/app/out/vs/workbench/workbench.desktop.main.js:1535:605)
[2020-03-21 12:37:51.207] [renderer3] [error] File not found (/7b5d3b29-9672-496f-9548-7f9799c49a9b): Error: File not found (/7b5d3b29-9672-496f-9548-7f9799c49a9b)
    at v.resolve (file:///usr/share/code/resources/app/out/vs/workbench/workbench.desktop.main.js:1535:605)
[2020-03-21 12:37:51.208] [renderer3] [error] File not found (/.bin/serverless): Error: File not found (/.bin/serverless)
    at v.resolve (file:///usr/share/code/resources/app/out/vs/workbench/workbench.desktop.main.js:1535:605)
[2020-03-21 12:37:51.208] [renderer3] [error] File not found (/7b5d3b29-9672-496f-9548-7f9799c49a9b): Error: File not found (/7b5d3b29-9672-496f-9548-7f9799c49a9b)
    at v.resolve (file:///usr/share/code/resources/app/out/vs/workbench/workbench.desktop.main.js:1535:605)
[2020-03-21 12:37:57.077] [renderer3] [error] File not found (/.bin/serverless): Error: File not found (/.bin/serverless)
    at v.resolve (file:///usr/share/code/resources/app/out/vs/workbench/workbench.desktop.main.js:1535:605)
[2020-03-21 12:37:57.078] [renderer3] [error] File not found (/7b5d3b29-9672-496f-9548-7f9799c49a9b): Error: File not found (/7b5d3b29-9672-496f-9548-7f9799c49a9b)
    at v.resolve (file:///usr/share/code/resources/app/out/vs/workbench/workbench.desktop.main.js:1535:605)
[2020-03-21 12:37:57.078] [renderer3] [error] File not found (/timers.js): Error: File not found (/timers.js)
    at v.resolve (file:///usr/share/code/resources/app/out/vs/workbench/workbench.desktop.main.js:1535:605)
[2020-03-21 12:37:57.078] [renderer3] [error] File not found (/.bin/serverless): Error: File not found (/.bin/serverless)
    at v.resolve (file:///usr/share/code/resources/app/out/vs/workbench/workbench.desktop.main.js:1535:605)
[2020-03-21 12:37:57.078] [renderer3] [error] File not found (/7b5d3b29-9672-496f-9548-7f9799c49a9b): Error: File not found (/7b5d3b29-9672-496f-9548-7f9799c49a9b)
    at v.resolve (file:///usr/share/code/resources/app/out/vs/workbench/workbench.desktop.main.js:1535:605)
[2020-03-21 12:37:57.079] [renderer3] [error] File not found (/timers.js): Error: File not found (/timers.js)
    at v.resolve (file:///usr/share/code/resources/app/out/vs/workbench/workbench.desktop.main.js:1535:605)
[2020-03-21 12:40:09.345] [renderer3] [error] File not found (/.bin/serverless): Error: File not found (/.bin/serverless)
    at v.resolve (file:///usr/share/code/resources/app/out/vs/workbench/workbench.desktop.main.js:1535:605)
[2020-03-21 12:40:09.349] [renderer3] [error] File not found (/a63b7780-4832-47d1-b0e1-4d6a306a6166): Error: File not found (/a63b7780-4832-47d1-b0e1-4d6a306a6166)
    at v.resolve (file:///usr/share/code/resources/app/out/vs/workbench/workbench.desktop.main.js:1535:605)
[2020-03-21 12:40:09.351] [renderer3] [error] File not found (/.bin/serverless): Error: File not found (/.bin/serverless)
    at v.resolve (file:///usr/share/code/resources/app/out/vs/workbench/workbench.desktop.main.js:1535:605)
[2020-03-21 12:40:09.353] [renderer3] [error] File not found (/a63b7780-4832-47d1-b0e1-4d6a306a6166): Error: File not found (/a63b7780-4832-47d1-b0e1-4d6a306a6166)
    at v.resolve (file:///usr/share/code/resources/app/out/vs/workbench/workbench.desktop.main.js:1535:605)
[2020-03-21 12:40:15.199] [renderer3] [error] File not found (/.bin/serverless): Error: File not found (/.bin/serverless)
    at v.resolve (file:///usr/share/code/resources/app/out/vs/workbench/workbench.desktop.main.js:1535:605)
[2020-03-21 12:40:15.201] [renderer3] [error] File not found (/a63b7780-4832-47d1-b0e1-4d6a306a6166): Error: File not found (/a63b7780-4832-47d1-b0e1-4d6a306a6166)
    at v.resolve (file:///usr/share/code/resources/app/out/vs/workbench/workbench.desktop.main.js:1535:605)
[2020-03-21 12:40:15.201] [renderer3] [error] File not found (/.bin/serverless): Error: File not found (/.bin/serverless)
    at v.resolve (file:///usr/share/code/resources/app/out/vs/workbench/workbench.desktop.main.js:1535:605)
[2020-03-21 12:40:15.201] [renderer3] [error] File not found (/a63b7780-4832-47d1-b0e1-4d6a306a6166): Error: File not found (/a63b7780-4832-47d1-b0e1-4d6a306a6166)
    at v.resolve (file:///usr/share/code/resources/app/out/vs/workbench/workbench.desktop.main.js:1535:605)
[2020-03-21 12:40:27.894] [renderer3] [error] File not found (/.bin/serverless): Error: File not found (/.bin/serverless)
    at v.resolve (file:///usr/share/code/resources/app/out/vs/workbench/workbench.desktop.main.js:1535:605)
[2020-03-21 12:40:27.894] [renderer3] [error] File not found (/a63b7780-4832-47d1-b0e1-4d6a306a6166): Error: File not found (/a63b7780-4832-47d1-b0e1-4d6a306a6166)
    at v.resolve (file:///usr/share/code/resources/app/out/vs/workbench/workbench.desktop.main.js:1535:605)
[2020-03-21 12:40:27.894] [renderer3] [error] File not found (/.bin/serverless): Error: File not found (/.bin/serverless)
    at v.resolve (file:///usr/share/code/resources/app/out/vs/workbench/workbench.desktop.main.js:1535:605)
[2020-03-21 12:40:27.895] [renderer3] [error] File not found (/a63b7780-4832-47d1-b0e1-4d6a306a6166): Error: File not found (/a63b7780-4832-47d1-b0e1-4d6a306a6166)
    at v.resolve (file:///usr/share/code/resources/app/out/vs/workbench/workbench.desktop.main.js:1535:605)
[2020-03-21 12:40:44.641] [renderer3] [error] File not found (/.bin/serverless): Error: File not found (/.bin/serverless)
    at v.resolve (file:///usr/share/code/resources/app/out/vs/workbench/workbench.desktop.main.js:1535:605)
[2020-03-21 12:40:44.641] [renderer3] [error] File not found (/a63b7780-4832-47d1-b0e1-4d6a306a6166): Error: File not found (/a63b7780-4832-47d1-b0e1-4d6a306a6166)
    at v.resolve (file:///usr/share/code/resources/app/out/vs/workbench/workbench.desktop.main.js:1535:605)
[2020-03-21 12:40:53.780] [renderer3] [error] File not found (/FQd0QC5oI7MRXEyw8uL/fNSEBlKJmF3iHNlHEHrb8dwq4Cx/): Error: File not found (/FQd0QC5oI7MRXEyw8uL/fNSEBlKJmF3iHNlHEHrb8dwq4Cx/)
    at v.resolve (file:///usr/share/code/resources/app/out/vs/workbench/workbench.desktop.main.js:1535:605)
[2020-03-21 12:40:53.780] [renderer3] [error] File not found (/Ur1iwHb1TJCen816S2sSRZaRfjCGWnszn/Xk3OKKKhLVgqfXEK3jELRj9h3NfNC1I6Rm6ch1B66hVr): Error: File not found (/Ur1iwHb1TJCen816S2sSRZaRfjCGWnszn/Xk3OKKKhLVgqfXEK3jELRj9h3NfNC1I6Rm6ch1B66hVr)
    at v.resolve (file:///usr/share/code/resources/app/out/vs/workbench/workbench.desktop.main.js:1535:605)
[2020-03-21 12:40:53.781] [renderer3] [error] File not found (/dGB2K2zrvIjEwsGaJKyZi0AsY/nvk): Error: File not found (/dGB2K2zrvIjEwsGaJKyZi0AsY/nvk)
    at v.resolve (file:///usr/share/code/resources/app/out/vs/workbench/workbench.desktop.main.js:1535:605)
[2020-03-21 12:40:53.781] [renderer3] [error] File not found (/IkoNRSlGebXkDAr5ZaoBZUk67cnYHBMxR7rCaqARe1BQO43OyYGpzmGmR98cD6DzxsK0YMHMdNdznbCQHMS0Ae6znc): Error: File not found (/IkoNRSlGebXkDAr5ZaoBZUk67cnYHBMxR7rCaqARe1BQO43OyYGpzmGmR98cD6DzxsK0YMHMdNdznbCQHMS0Ae6znc)
    at v.resolve (file:///usr/share/code/resources/app/out/vs/workbench/workbench.desktop.main.js:1535:605)
[2020-03-21 12:40:53.782] [renderer3] [error] File not found (/FQd0QC5oI7MRXEyw8uL/fNSEBlKJmF3iHNlHEHrb8dwq4Cx/): Error: File not found (/FQd0QC5oI7MRXEyw8uL/fNSEBlKJmF3iHNlHEHrb8dwq4Cx/)
    at v.resolve (file:///usr/share/code/resources/app/out/vs/workbench/workbench.desktop.main.js:1535:605)
[2020-03-21 12:40:53.782] [renderer3] [error] File not found (/Ur1iwHb1TJCen816S2sSRZaRfjCGWnszn/Xk3OKKKhLVgqfXEK3jELRj9h3NfNC1I6Rm6ch1B66hVr): Error: File not found (/Ur1iwHb1TJCen816S2sSRZaRfjCGWnszn/Xk3OKKKhLVgqfXEK3jELRj9h3NfNC1I6Rm6ch1B66hVr)
    at v.resolve (file:///usr/share/code/resources/app/out/vs/workbench/workbench.desktop.main.js:1535:605)
[2020-03-21 12:40:53.782] [renderer3] [error] File not found (/dGB2K2zrvIjEwsGaJKyZi0AsY/nvk): Error: File not found (/dGB2K2zrvIjEwsGaJKyZi0AsY/nvk)
    at v.resolve (file:///usr/share/code/resources/app/out/vs/workbench/workbench.desktop.main.js:1535:605)
[2020-03-21 12:40:53.782] [renderer3] [error] File not found (/IkoNRSlGebXkDAr5ZaoBZUk67cnYHBMxR7rCaqARe1BQO43OyYGpzmGmR98cD6DzxsK0YMHMdNdznbCQHMS0Ae6znc): Error: File not found (/IkoNRSlGebXkDAr5ZaoBZUk67cnYHBMxR7rCaqARe1BQO43OyYGpzmGmR98cD6DzxsK0YMHMdNdznbCQHMS0Ae6znc)
    at v.resolve (file:///usr/share/code/resources/app/out/vs/workbench/workbench.desktop.main.js:1535:605)
[2020-03-21 12:44:14.863] [renderer3] [error] File not found (/.bin/serverless): Error: File not found (/.bin/serverless)
    at v.resolve (file:///usr/share/code/resources/app/out/vs/workbench/workbench.desktop.main.js:1535:605)
[2020-03-21 12:44:14.864] [renderer3] [error] File not found (/50424e6b-d703-40a1-b240-c9e23fd4825a): Error: File not found (/50424e6b-d703-40a1-b240-c9e23fd4825a)
    at v.resolve (file:///usr/share/code/resources/app/out/vs/workbench/workbench.desktop.main.js:1535:605)
[2020-03-21 12:44:14.864] [renderer3] [error] File not found (/.bin/serverless): Error: File not found (/.bin/serverless)
    at v.resolve (file:///usr/share/code/resources/app/out/vs/workbench/workbench.desktop.main.js:1535:605)
[2020-03-21 12:44:14.864] [renderer3] [error] File not found (/50424e6b-d703-40a1-b240-c9e23fd4825a): Error: File not found (/50424e6b-d703-40a1-b240-c9e23fd4825a)
    at v.resolve (file:///usr/share/code/resources/app/out/vs/workbench/workbench.desktop.main.js:1535:605)
[2020-03-21 12:44:15.101] [renderer3] [error] File not found (/.bin/serverless): Error: File not found (/.bin/serverless)
    at v.resolve (file:///usr/share/code/resources/app/out/vs/workbench/workbench.desktop.main.js:1535:605)
[2020-03-21 12:44:15.101] [renderer3] [error] File not found (/50424e6b-d703-40a1-b240-c9e23fd4825a): Error: File not found (/50424e6b-d703-40a1-b240-c9e23fd4825a)
    at v.resolve (file:///usr/share/code/resources/app/out/vs/workbench/workbench.desktop.main.js:1535:605)
[2020-03-21 12:44:15.101] [renderer3] [error] File not found (/.bin/serverless): Error: File not found (/.bin/serverless)
    at v.resolve (file:///usr/share/code/resources/app/out/vs/workbench/workbench.desktop.main.js:1535:605)
[2020-03-21 12:44:15.102] [renderer3] [error] File not found (/50424e6b-d703-40a1-b240-c9e23fd4825a): Error: File not found (/50424e6b-d703-40a1-b240-c9e23fd4825a)
    at v.resolve (file:///usr/share/code/resources/app/out/vs/workbench/workbench.desktop.main.js:1535:605)
[2020-03-21 12:44:20.579] [renderer3] [error] File not found (/.bin/serverless): Error: File not found (/.bin/serverless)
    at v.resolve (file:///usr/share/code/resources/app/out/vs/workbench/workbench.desktop.main.js:1535:605)
[2020-03-21 12:44:20.580] [renderer3] [error] File not found (/50424e6b-d703-40a1-b240-c9e23fd4825a): Error: File not found (/50424e6b-d703-40a1-b240-c9e23fd4825a)
    at v.resolve (file:///usr/share/code/resources/app/out/vs/workbench/workbench.desktop.main.js:1535:605)
[2020-03-21 12:44:20.581] [renderer3] [error] File not found (/.bin/serverless): Error: File not found (/.bin/serverless)
    at v.resolve (file:///usr/share/code/resources/app/out/vs/workbench/workbench.desktop.main.js:1535:605)
[2020-03-21 12:44:20.581] [renderer3] [error] File not found (/50424e6b-d703-40a1-b240-c9e23fd4825a): Error: File not found (/50424e6b-d703-40a1-b240-c9e23fd4825a)
    at v.resolve (file:///usr/share/code/resources/app/out/vs/workbench/workbench.desktop.main.js:1535:605)
[2020-03-21 12:44:21.619] [renderer3] [error] File not found (/.bin/serverless): Error: File not found (/.bin/serverless)
    at v.resolve (file:///usr/share/code/resources/app/out/vs/workbench/workbench.desktop.main.js:1535:605)
[2020-03-21 12:44:21.619] [renderer3] [error] File not found (/50424e6b-d703-40a1-b240-c9e23fd4825a): Error: File not found (/50424e6b-d703-40a1-b240-c9e23fd4825a)
    at v.resolve (file:///usr/share/code/resources/app/out/vs/workbench/workbench.desktop.main.js:1535:605)
[2020-03-21 12:44:21.619] [renderer3] [error] File not found (/FQd0QC5oI7MRXEyw8uL/fNSEBlKJmF3iHNlHEHrb8dwq4Cx/): Error: File not found (/FQd0QC5oI7MRXEyw8uL/fNSEBlKJmF3iHNlHEHrb8dwq4Cx/)
    at v.resolve (file:///usr/share/code/resources/app/out/vs/workbench/workbench.desktop.main.js:1535:605)
[2020-03-21 12:44:21.619] [renderer3] [error] File not found (/Ur1iwHb1TJCen816S2sSRZaRfjCGWnszn/Xk3OKKKhLVgqfXEK3jELRj9h3NfNC1I6Rm6ch1B66hVr): Error: File not found (/Ur1iwHb1TJCen816S2sSRZaRfjCGWnszn/Xk3OKKKhLVgqfXEK3jELRj9h3NfNC1I6Rm6ch1B66hVr)
    at v.resolve (file:///usr/share/code/resources/app/out/vs/workbench/workbench.desktop.main.js:1535:605)
[2020-03-21 12:44:21.619] [renderer3] [error] File not found (/dGB2K2zrvIjEwsGaJKyZi0AsY/nvk): Error: File not found (/dGB2K2zrvIjEwsGaJKyZi0AsY/nvk)
    at v.resolve (file:///usr/share/code/resources/app/out/vs/workbench/workbench.desktop.main.js:1535:605)
[2020-03-21 12:44:21.620] [renderer3] [error] File not found (/IkoNRSlGebXkDAr5ZaoBZUk67cnYHBMxR7rCaqARe1BQO43OyYGpzmGmR98cD6DzxsK0YMHMdNdznbCQHMS0Ae6znc): Error: File not found (/IkoNRSlGebXkDAr5ZaoBZUk67cnYHBMxR7rCaqARe1BQO43OyYGpzmGmR98cD6DzxsK0YMHMdNdznbCQHMS0Ae6znc)
    at v.resolve (file:///usr/share/code/resources/app/out/vs/workbench/workbench.desktop.main.js:1535:605)
[2020-03-21 12:44:21.620] [renderer3] [error] File not found (/.bin/serverless): Error: File not found (/.bin/serverless)
    at v.resolve (file:///usr/share/code/resources/app/out/vs/workbench/workbench.desktop.main.js:1535:605)
[2020-03-21 12:44:21.620] [renderer3] [error] File not found (/50424e6b-d703-40a1-b240-c9e23fd4825a): Error: File not found (/50424e6b-d703-40a1-b240-c9e23fd4825a)
    at v.resolve (file:///usr/share/code/resources/app/out/vs/workbench/workbench.desktop.main.js:1535:605)
[2020-03-21 12:44:21.620] [renderer3] [error] File not found (/FQd0QC5oI7MRXEyw8uL/fNSEBlKJmF3iHNlHEHrb8dwq4Cx/): Error: File not found (/FQd0QC5oI7MRXEyw8uL/fNSEBlKJmF3iHNlHEHrb8dwq4Cx/)
    at v.resolve (file:///usr/share/code/resources/app/out/vs/workbench/workbench.desktop.main.js:1535:605)
[2020-03-21 12:44:21.620] [renderer3] [error] File not found (/Ur1iwHb1TJCen816S2sSRZaRfjCGWnszn/Xk3OKKKhLVgqfXEK3jELRj9h3NfNC1I6Rm6ch1B66hVr): Error: File not found (/Ur1iwHb1TJCen816S2sSRZaRfjCGWnszn/Xk3OKKKhLVgqfXEK3jELRj9h3NfNC1I6Rm6ch1B66hVr)
    at v.resolve (file:///usr/share/code/resources/app/out/vs/workbench/workbench.desktop.main.js:1535:605)
[2020-03-21 12:44:21.620] [renderer3] [error] File not found (/dGB2K2zrvIjEwsGaJKyZi0AsY/nvk): Error: File not found (/dGB2K2zrvIjEwsGaJKyZi0AsY/nvk)
    at v.resolve (file:///usr/share/code/resources/app/out/vs/workbench/workbench.desktop.main.js:1535:605)
[2020-03-21 12:44:21.621] [renderer3] [error] File not found (/IkoNRSlGebXkDAr5ZaoBZUk67cnYHBMxR7rCaqARe1BQO43OyYGpzmGmR98cD6DzxsK0YMHMdNdznbCQHMS0Ae6znc): Error: File not found (/IkoNRSlGebXkDAr5ZaoBZUk67cnYHBMxR7rCaqARe1BQO43OyYGpzmGmR98cD6DzxsK0YMHMdNdznbCQHMS0Ae6znc)
    at v.resolve (file:///usr/share/code/resources/app/out/vs/workbench/workbench.desktop.main.js:1535:605)
[2020-03-21 12:44:30.833] [renderer3] [error] File not found (/.bin/serverless): Error: File not found (/.bin/serverless)
    at v.resolve (file:///usr/share/code/resources/app/out/vs/workbench/workbench.desktop.main.js:1535:605)
[2020-03-21 12:44:30.833] [renderer3] [error] File not found (/e2800aa5-46ab-4f31-ac70-55f932661c3f): Error: File not found (/e2800aa5-46ab-4f31-ac70-55f932661c3f)
    at v.resolve (file:///usr/share/code/resources/app/out/vs/workbench/workbench.desktop.main.js:1535:605)
[2020-03-21 12:44:30.834] [renderer3] [error] File not found (/.bin/serverless): Error: File not found (/.bin/serverless)
    at v.resolve (file:///usr/share/code/resources/app/out/vs/workbench/workbench.desktop.main.js:1535:605)
[2020-03-21 12:44:30.834] [renderer3] [error] File not found (/e2800aa5-46ab-4f31-ac70-55f932661c3f): Error: File not found (/e2800aa5-46ab-4f31-ac70-55f932661c3f)
    at v.resolve (file:///usr/share/code/resources/app/out/vs/workbench/workbench.desktop.main.js:1535:605)
[2020-03-21 12:44:31.051] [renderer3] [error] File not found (/.bin/serverless): Error: File not found (/.bin/serverless)
    at v.resolve (file:///usr/share/code/resources/app/out/vs/workbench/workbench.desktop.main.js:1535:605)
[2020-03-21 12:44:31.052] [renderer3] [error] File not found (/e2800aa5-46ab-4f31-ac70-55f932661c3f): Error: File not found (/e2800aa5-46ab-4f31-ac70-55f932661c3f)
    at v.resolve (file:///usr/share/code/resources/app/out/vs/workbench/workbench.desktop.main.js:1535:605)
[2020-03-21 12:44:31.052] [renderer3] [error] File not found (/.bin/serverless): Error: File not found (/.bin/serverless)
    at v.resolve (file:///usr/share/code/resources/app/out/vs/workbench/workbench.desktop.main.js:1535:605)
[2020-03-21 12:44:31.052] [renderer3] [error] File not found (/e2800aa5-46ab-4f31-ac70-55f932661c3f): Error: File not found (/e2800aa5-46ab-4f31-ac70-55f932661c3f)
    at v.resolve (file:///usr/share/code/resources/app/out/vs/workbench/workbench.desktop.main.js:1535:605)
[2020-03-21 12:44:36.357] [renderer3] [error] File not found (/.bin/serverless): Error: File not found (/.bin/serverless)
    at v.resolve (file:///usr/share/code/resources/app/out/vs/workbench/workbench.desktop.main.js:1535:605)
[2020-03-21 12:44:36.357] [renderer3] [error] File not found (/e2800aa5-46ab-4f31-ac70-55f932661c3f): Error: File not found (/e2800aa5-46ab-4f31-ac70-55f932661c3f)
    at v.resolve (file:///usr/share/code/resources/app/out/vs/workbench/workbench.desktop.main.js:1535:605)
[2020-03-21 12:44:36.357] [renderer3] [error] File not found (/.bin/serverless): Error: File not found (/.bin/serverless)
    at v.resolve (file:///usr/share/code/resources/app/out/vs/workbench/workbench.desktop.main.js:1535:605)
[2020-03-21 12:44:36.358] [renderer3] [error] File not found (/e2800aa5-46ab-4f31-ac70-55f932661c3f): Error: File not found (/e2800aa5-46ab-4f31-ac70-55f932661c3f)
    at v.resolve (file:///usr/share/code/resources/app/out/vs/workbench/workbench.desktop.main.js:1535:605)
[2020-03-21 12:44:48.711] [renderer3] [error] File not found (/.bin/serverless): Error: File not found (/.bin/serverless)
    at v.resolve (file:///usr/share/code/resources/app/out/vs/workbench/workbench.desktop.main.js:1535:605)
[2020-03-21 12:44:48.712] [renderer3] [error] File not found (/e2800aa5-46ab-4f31-ac70-55f932661c3f): Error: File not found (/e2800aa5-46ab-4f31-ac70-55f932661c3f)
    at v.resolve (file:///usr/share/code/resources/app/out/vs/workbench/workbench.desktop.main.js:1535:605)
[2020-03-21 12:44:48.712] [renderer3] [error] File not found (/.bin/serverless): Error: File not found (/.bin/serverless)
    at v.resolve (file:///usr/share/code/resources/app/out/vs/workbench/workbench.desktop.main.js:1535:605)
[2020-03-21 12:44:48.712] [renderer3] [error] File not found (/e2800aa5-46ab-4f31-ac70-55f932661c3f): Error: File not found (/e2800aa5-46ab-4f31-ac70-55f932661c3f)
    at v.resolve (file:///usr/share/code/resources/app/out/vs/workbench/workbench.desktop.main.js:1535:605)
[2020-03-22 15:17:22.950] [renderer3] [error] File not found (/FQd0QC5oI7MRXEyw8uL/fNSEBlKJmF3iHNlHEHrb8dwq4Cx/): Error: File not found (/FQd0QC5oI7MRXEyw8uL/fNSEBlKJmF3iHNlHEHrb8dwq4Cx/)
    at v.resolve (file:///usr/share/code/resources/app/out/vs/workbench/workbench.desktop.main.js:1535:605)
[2020-03-22 15:17:22.950] [renderer3] [error] File not found (/Ur1iwHb1TJCen816S2sSRZaRfjCGWnszn/Xk3OKKKhLVgqfXEK3jELRj9h3NfNC1I6Rm6ch1B66hVr): Error: File not found (/Ur1iwHb1TJCen816S2sSRZaRfjCGWnszn/Xk3OKKKhLVgqfXEK3jELRj9h3NfNC1I6Rm6ch1B66hVr)
    at v.resolve (file:///usr/share/code/resources/app/out/vs/workbench/workbench.desktop.main.js:1535:605)
[2020-03-22 15:17:22.951] [renderer3] [error] File not found (/dGB2K2zrvIjEwsGaJKyZi0AsY/nvk): Error: File not found (/dGB2K2zrvIjEwsGaJKyZi0AsY/nvk)
    at v.resolve (file:///usr/share/code/resources/app/out/vs/workbench/workbench.desktop.main.js:1535:605)
[2020-03-22 15:17:22.951] [renderer3] [error] File not found (/IkoNRSlGebXkDAr5ZaoBZUk67cnYHBMxR7rCaqARe1BQO43OyYGpzmGmR98cD6DzxsK0YMHMdNdznbCQHMS0Ae6znc): Error: File not found (/IkoNRSlGebXkDAr5ZaoBZUk67cnYHBMxR7rCaqARe1BQO43OyYGpzmGmR98cD6DzxsK0YMHMdNdznbCQHMS0Ae6znc)
    at v.resolve (file:///usr/share/code/resources/app/out/vs/workbench/workbench.desktop.main.js:1535:605)
[2020-03-22 15:17:22.951] [renderer3] [error] File not found (/FQd0QC5oI7MRXEyw8uL/fNSEBlKJmF3iHNlHEHrb8dwq4Cx/): Error: File not found (/FQd0QC5oI7MRXEyw8uL/fNSEBlKJmF3iHNlHEHrb8dwq4Cx/)
    at v.resolve (file:///usr/share/code/resources/app/out/vs/workbench/workbench.desktop.main.js:1535:605)
[2020-03-22 15:17:22.951] [renderer3] [error] File not found (/Ur1iwHb1TJCen816S2sSRZaRfjCGWnszn/Xk3OKKKhLVgqfXEK3jELRj9h3NfNC1I6Rm6ch1B66hVr): Error: File not found (/Ur1iwHb1TJCen816S2sSRZaRfjCGWnszn/Xk3OKKKhLVgqfXEK3jELRj9h3NfNC1I6Rm6ch1B66hVr)
    at v.resolve (file:///usr/share/code/resources/app/out/vs/workbench/workbench.desktop.main.js:1535:605)
[2020-03-22 15:17:22.951] [renderer3] [error] File not found (/dGB2K2zrvIjEwsGaJKyZi0AsY/nvk): Error: File not found (/dGB2K2zrvIjEwsGaJKyZi0AsY/nvk)
    at v.resolve (file:///usr/share/code/resources/app/out/vs/workbench/workbench.desktop.main.js:1535:605)
[2020-03-22 15:17:22.951] [renderer3] [error] File not found (/IkoNRSlGebXkDAr5ZaoBZUk67cnYHBMxR7rCaqARe1BQO43OyYGpzmGmR98cD6DzxsK0YMHMdNdznbCQHMS0Ae6znc): Error: File not found (/IkoNRSlGebXkDAr5ZaoBZUk67cnYHBMxR7rCaqARe1BQO43OyYGpzmGmR98cD6DzxsK0YMHMdNdznbCQHMS0Ae6znc)
    at v.resolve (file:///usr/share/code/resources/app/out/vs/workbench/workbench.desktop.main.js:1535:605)
[2020-03-22 15:17:35.046] [renderer3] [error] File not found (/e2800aa5-46ab-4f31-ac70-55f932661c3f): Error: File not found (/e2800aa5-46ab-4f31-ac70-55f932661c3f)
    at v.resolve (file:///usr/share/code/resources/app/out/vs/workbench/workbench.desktop.main.js:1535:605)
[2020-03-22 15:17:35.046] [renderer3] [error] File not found (/.bin/serverless): Error: File not found (/.bin/serverless)
    at v.resolve (file:///usr/share/code/resources/app/out/vs/workbench/workbench.desktop.main.js:1535:605)
[2020-03-22 15:17:35.384] [renderer3] [error] File not found (/FQd0QC5oI7MRXEyw8uL/fNSEBlKJmF3iHNlHEHrb8dwq4Cx/): Error: File not found (/FQd0QC5oI7MRXEyw8uL/fNSEBlKJmF3iHNlHEHrb8dwq4Cx/)
    at v.resolve (file:///usr/share/code/resources/app/out/vs/workbench/workbench.desktop.main.js:1535:605)
[2020-03-22 15:17:35.385] [renderer3] [error] File not found (/Ur1iwHb1TJCen816S2sSRZaRfjCGWnszn/Xk3OKKKhLVgqfXEK3jELRj9h3NfNC1I6Rm6ch1B66hVr): Error: File not found (/Ur1iwHb1TJCen816S2sSRZaRfjCGWnszn/Xk3OKKKhLVgqfXEK3jELRj9h3NfNC1I6Rm6ch1B66hVr)
    at v.resolve (file:///usr/share/code/resources/app/out/vs/workbench/workbench.desktop.main.js:1535:605)
[2020-03-22 15:17:35.385] [renderer3] [error] File not found (/dGB2K2zrvIjEwsGaJKyZi0AsY/nvk): Error: File not found (/dGB2K2zrvIjEwsGaJKyZi0AsY/nvk)
    at v.resolve (file:///usr/share/code/resources/app/out/vs/workbench/workbench.desktop.main.js:1535:605)
[2020-03-22 15:17:35.385] [renderer3] [error] File not found (/IkoNRSlGebXkDAr5ZaoBZUk67cnYHBMxR7rCaqARe1BQO43OyYGpzmGmR98cD6DzxsK0YMHMdNdznbCQHMS0Ae6znc): Error: File not found (/IkoNRSlGebXkDAr5ZaoBZUk67cnYHBMxR7rCaqARe1BQO43OyYGpzmGmR98cD6DzxsK0YMHMdNdznbCQHMS0Ae6znc)
    at v.resolve (file:///usr/share/code/resources/app/out/vs/workbench/workbench.desktop.main.js:1535:605)
