[2020-03-22 15:36:00.977] [exthost] [info] extension host started
[2020-03-22 15:36:01.078] [exthost] [info] ExtensionService#_doActivateExtension vscode.typescript-language-features {"startup":false,"extensionId":{"value":"vscode.typescript-language-features","_lower":"vscode.typescript-language-features"},"activationEvent":"onLanguage:javascript"}
[2020-03-22 15:36:01.080] [exthost] [info] ExtensionService#loadCommonJSModule file:///usr/share/code/resources/app/extensions/typescript-language-features/dist/extension
[2020-03-22 15:36:01.218] [exthost] [info] ExtensionService#_doActivateExtension vscode.debug-auto-launch {"startup":true,"extensionId":{"value":"vscode.debug-auto-launch","_lower":"vscode.debug-auto-launch"},"activationEvent":"*"}
[2020-03-22 15:36:01.219] [exthost] [info] ExtensionService#loadCommonJSModule file:///usr/share/code/resources/app/extensions/debug-auto-launch/dist/extension
[2020-03-22 15:36:01.228] [exthost] [info] ExtensionService#_doActivateExtension vscode.emmet {"startup":true,"extensionId":{"value":"vscode.emmet","_lower":"vscode.emmet"},"activationEvent":"*"}
[2020-03-22 15:36:01.229] [exthost] [info] ExtensionService#loadCommonJSModule file:///usr/share/code/resources/app/extensions/emmet/dist/extension
[2020-03-22 15:36:01.349] [exthost] [info] ExtensionService#_doActivateExtension vscode.git {"startup":true,"extensionId":{"value":"vscode.git","_lower":"vscode.git"},"activationEvent":"*"}
[2020-03-22 15:36:01.349] [exthost] [info] ExtensionService#loadCommonJSModule file:///usr/share/code/resources/app/extensions/git/dist/main
[2020-03-22 15:36:01.614] [exthost] [info] ExtensionService#_doActivateExtension vscode.merge-conflict {"startup":true,"extensionId":{"value":"vscode.merge-conflict","_lower":"vscode.merge-conflict"},"activationEvent":"*"}
[2020-03-22 15:36:01.615] [exthost] [info] ExtensionService#loadCommonJSModule file:///usr/share/code/resources/app/extensions/merge-conflict/dist/extension
[2020-03-22 15:36:01.640] [exthost] [info] ExtensionService#_doActivateExtension Equinusocio.vsc-material-theme {"startup":true,"extensionId":{"value":"Equinusocio.vsc-material-theme","_lower":"equinusocio.vsc-material-theme"},"activationEvent":"*"}
[2020-03-22 15:36:01.641] [exthost] [info] ExtensionService#loadCommonJSModule file:///root/.vscode/extensions/equinusocio.vsc-material-theme-30.0.0/out/src/material.theme.config
[2020-03-22 15:36:01.744] [exthost] [info] ExtensionService#_doActivateExtension vscode-icons-team.vscode-icons {"startup":true,"extensionId":{"value":"vscode-icons-team.vscode-icons","_lower":"vscode-icons-team.vscode-icons"},"activationEvent":"*"}
[2020-03-22 15:36:01.745] [exthost] [info] ExtensionService#loadCommonJSModule file:///root/.vscode/extensions/vscode-icons-team.vscode-icons-10.0.0/dist/src/vscode-icons.bundle.js
[2020-03-22 15:36:01.945] [exthost] [info] ExtensionService#_doActivateExtension vscode.npm {"startup":true,"extensionId":{"value":"vscode.npm","_lower":"vscode.npm"},"activationEvent":"workspaceContains:package.json"}
[2020-03-22 15:36:01.946] [exthost] [info] ExtensionService#loadCommonJSModule file:///usr/share/code/resources/app/extensions/npm/dist/main
[2020-03-22 15:36:02.362] [exthost] [info] eager extensions activated
[2020-03-22 15:36:33.072] [exthost] [info] ExtensionService#_doActivateExtension vscode.extension-editing {"startup":false,"extensionId":{"value":"vscode.extension-editing","_lower":"vscode.extension-editing"},"activationEvent":"onLanguage:typescript"}
[2020-03-22 15:36:33.072] [exthost] [info] ExtensionService#loadCommonJSModule file:///usr/share/code/resources/app/extensions/extension-editing/dist/extension
[2020-03-22 15:38:08.037] [exthost] [error] [vscode.typescript-language-features] provider FAILED
[2020-03-22 15:38:08.055] [exthost] [error] Error: DisposableStore is missing...
	at T._convertCompletionItem (/usr/share/code/resources/app/out/vs/workbench/services/extensions/node/extensionHostProcess.js:560:618)
	at o.asPromise.then.e (/usr/share/code/resources/app/out/vs/workbench/services/extensions/node/extensionHostProcess.js:560:248)
[2020-03-22 15:42:47.750] [exthost] [error] [vscode.typescript-language-features] provider FAILED
[2020-03-22 15:42:47.750] [exthost] [error] Error: DisposableStore is missing...
	at T._convertCompletionItem (/usr/share/code/resources/app/out/vs/workbench/services/extensions/node/extensionHostProcess.js:560:618)
	at o.asPromise.then.e (/usr/share/code/resources/app/out/vs/workbench/services/extensions/node/extensionHostProcess.js:560:248)
